0 info it worked if it ends with ok
1 verbose cli [ '/usr/bin/nodejs', '/usr/bin/npm', 'install', '-g', 'ionic' ]
2 info using npm@1.4.21
3 info using node@v0.10.25
4 verbose cache add [ 'ionic', null ]
5 verbose cache add name=undefined spec="ionic" args=["ionic",null]
6 verbose parsed url { protocol: null,
6 verbose parsed url   slashes: null,
6 verbose parsed url   auth: null,
6 verbose parsed url   host: null,
6 verbose parsed url   port: null,
6 verbose parsed url   hostname: null,
6 verbose parsed url   hash: null,
6 verbose parsed url   search: null,
6 verbose parsed url   query: null,
6 verbose parsed url   pathname: 'ionic',
6 verbose parsed url   path: 'ionic',
6 verbose parsed url   href: 'ionic' }
7 silly lockFile 00d10074-ionic ionic
8 verbose lock ionic /home/jesusj/.npm/00d10074-ionic.lock
9 silly lockFile 00d10074-ionic ionic
10 silly lockFile 00d10074-ionic ionic
11 verbose addNamed [ 'ionic', '' ]
12 verbose addNamed [ null, '*' ]
13 silly lockFile 966fc04a-ionic ionic@
14 verbose lock ionic@ /home/jesusj/.npm/966fc04a-ionic.lock
15 silly addNameRange { name: 'ionic', range: '*', hasData: false }
16 verbose request where is /ionic
17 verbose request registry https://registry.npmjs.org/
18 verbose request id bbcd5a9ead02eac9
19 verbose url raw /ionic
20 verbose url resolving [ 'https://registry.npmjs.org/', './ionic' ]
21 verbose url resolved https://registry.npmjs.org/ionic
22 verbose request where is https://registry.npmjs.org/ionic
23 info trying registry request attempt 1 at 17:19:48
24 verbose etag "66UF0YCEL25HDGEX7JPS26A1C"
25 http GET https://registry.npmjs.org/ionic
26 http 200 https://registry.npmjs.org/ionic
27 silly registry.get cb [ 200,
27 silly registry.get   { date: 'Sat, 14 Feb 2015 16:19:52 GMT',
27 silly registry.get     server: 'CouchDB/1.5.0 (Erlang OTP/R16B03)',
27 silly registry.get     etag: '"1O0PGIY25XEQAO9QHDPHUPFOJ"',
27 silly registry.get     'content-type': 'application/json',
27 silly registry.get     'cache-control': 'max-age=60',
27 silly registry.get     'content-length': '201783',
27 silly registry.get     'accept-ranges': 'bytes',
27 silly registry.get     via: '1.1 varnish',
27 silly registry.get     age: '0',
27 silly registry.get     'x-served-by': 'cache-lcy1128-LCY',
27 silly registry.get     'x-cache': 'HIT',
27 silly registry.get     'x-cache-hits': '1',
27 silly registry.get     'x-timer': 'S1423930792.169517,VS0,VE89',
27 silly registry.get     vary: 'Accept',
27 silly registry.get     'keep-alive': 'timeout=10, max=50',
27 silly registry.get     connection: 'Keep-Alive' } ]
28 silly addNameRange number 2 { name: 'ionic', range: '*', hasData: true }
29 silly addNameRange versions [ 'ionic',
29 silly addNameRange   [ '0.9.6',
29 silly addNameRange     '0.9.8',
29 silly addNameRange     '0.9.9',
29 silly addNameRange     '0.9.10',
29 silly addNameRange     '0.9.11',
29 silly addNameRange     '0.9.12',
29 silly addNameRange     '0.9.13',
29 silly addNameRange     '0.9.14',
29 silly addNameRange     '0.9.15',
29 silly addNameRange     '0.9.16',
29 silly addNameRange     '1.0.0-beta.1',
29 silly addNameRange     '1.0.0-beta',
29 silly addNameRange     '1.0.1-beta',
29 silly addNameRange     '1.0.3-beta',
29 silly addNameRange     '1.0.4',
29 silly addNameRange     '1.0.5',
29 silly addNameRange     '1.0.6',
29 silly addNameRange     '1.0.7',
29 silly addNameRange     '1.0.8',
29 silly addNameRange     '1.0.9',
29 silly addNameRange     '1.0.10',
29 silly addNameRange     '1.0.11',
29 silly addNameRange     '1.0.12',
29 silly addNameRange     '1.0.13',
29 silly addNameRange     '1.0.14',
29 silly addNameRange     '1.0.15',
29 silly addNameRange     '1.0.16',
29 silly addNameRange     '1.0.17',
29 silly addNameRange     '1.1.0-beta1',
29 silly addNameRange     '1.1.0-beta2',
29 silly addNameRange     '1.1.0-beta3',
29 silly addNameRange     '1.1.0-beta4',
29 silly addNameRange     '1.1.0-beta5',
29 silly addNameRange     '1.1.0-beta6',
29 silly addNameRange     '1.1.0',
29 silly addNameRange     '1.1.1-beta1',
29 silly addNameRange     '1.1.1-beta2',
29 silly addNameRange     '1.1.1-beta3',
29 silly addNameRange     '1.1.1',
29 silly addNameRange     '1.1.3',
29 silly addNameRange     '1.1.4',
29 silly addNameRange     '1.1.5-beta1',
29 silly addNameRange     '1.1.5-beta2',
29 silly addNameRange     '1.1.5-beta3',
29 silly addNameRange     '1.1.5-beta4',
29 silly addNameRange     '1.1.5-beta5',
29 silly addNameRange     '1.1.5',
29 silly addNameRange     '1.1.6',
29 silly addNameRange     '1.1.7-beta1',
29 silly addNameRange     '1.1.7',
29 silly addNameRange     '1.1.8-beta1',
29 silly addNameRange     '1.1.8-beta2',
29 silly addNameRange     '1.1.8-beta3',
29 silly addNameRange     '1.1.8-beta4',
29 silly addNameRange     '1.1.8-beta5',
29 silly addNameRange     '1.1.8',
29 silly addNameRange     '1.1.9-beta1',
29 silly addNameRange     '1.1.9',
29 silly addNameRange     '1.1.10',
29 silly addNameRange     '1.1.11-beta1',
29 silly addNameRange     '1.1.11-beta2',
29 silly addNameRange     '1.1.11',
29 silly addNameRange     '1.1.12-beta1',
29 silly addNameRange     '1.1.12-beta2',
29 silly addNameRange     '1.1.12-beta3',
29 silly addNameRange     '1.1.12',
29 silly addNameRange     '1.1.13',
29 silly addNameRange     '1.1.14-beta1',
29 silly addNameRange     '1.1.14-beta2',
29 silly addNameRange     '1.1.14-beta3',
29 silly addNameRange     '1.2.0-beta1',
29 silly addNameRange     '1.2.0',
29 silly addNameRange     '1.2.1-beta1',
29 silly addNameRange     '1.2.1-beta2',
29 silly addNameRange     '1.2.1-beta3',
29 silly addNameRange     '1.2.1-beta4',
29 silly addNameRange     '1.2.1',
29 silly addNameRange     '1.2.2',
29 silly addNameRange     '1.2.3-beta1',
29 silly addNameRange     '1.2.3-beta2',
29 silly addNameRange     '1.2.3-beta3',
29 silly addNameRange     '1.2.3',
29 silly addNameRange     '1.2.4-beta1',
29 silly addNameRange     '1.2.4-beta2',
29 silly addNameRange     '1.2.4-beta3',
29 silly addNameRange     '1.2.4',
29 silly addNameRange     '1.2.5-beta1',
29 silly addNameRange     '1.2.5-beta2',
29 silly addNameRange     '1.2.5-beta3',
29 silly addNameRange     '1.2.5',
29 silly addNameRange     '1.2.6-beta1',
29 silly addNameRange     '1.2.6-beta2',
29 silly addNameRange     '1.2.6-beta3',
29 silly addNameRange     '1.2.6',
29 silly addNameRange     '1.2.7',
29 silly addNameRange     '1.2.8-beta1',
29 silly addNameRange     '1.2.8-beta2',
29 silly addNameRange     '1.2.8',
29 silly addNameRange     '1.2.9',
29 silly addNameRange     '1.2.10',
29 silly addNameRange     '1.2.11',
29 silly addNameRange     '1.2.12',
29 silly addNameRange     '1.2.13',
29 silly addNameRange     '1.2.14-beta1',
29 silly addNameRange     '1.2.14-beta2',
29 silly addNameRange     '1.2.14-beta3',
29 silly addNameRange     '1.2.14-beta4',
29 silly addNameRange     '1.2.14-beta5',
29 silly addNameRange     '1.2.14-beta6',
29 silly addNameRange     '1.2.14',
29 silly addNameRange     '1.3.0-beta1',
29 silly addNameRange     '1.3.0',
29 silly addNameRange     '1.3.1',
29 silly addNameRange     '1.3.2',
29 silly addNameRange     '1.3.3',
29 silly addNameRange     '1.3.4',
29 silly addNameRange     '1.3.5',
29 silly addNameRange     '1.3.6',
29 silly addNameRange     '1.3.7',
29 silly addNameRange     '1.3.8',
29 silly addNameRange     '1.3.9',
29 silly addNameRange     '1.3.10' ] ]
30 verbose addNamed [ 'ionic', '1.3.10' ]
31 verbose addNamed [ '1.3.10', '1.3.10' ]
32 silly lockFile 43b19746-ionic-1-3-10 ionic@1.3.10
33 verbose lock ionic@1.3.10 /home/jesusj/.npm/43b19746-ionic-1-3-10.lock
34 silly lockFile 6fd361ff-npmjs-org-ionic-ionic-1-3-10-tgz https://registry.npmjs.org/ionic/-/ionic-1.3.10.tgz
35 verbose lock https://registry.npmjs.org/ionic/-/ionic-1.3.10.tgz /home/jesusj/.npm/6fd361ff-npmjs-org-ionic-ionic-1-3-10-tgz.lock
36 verbose addRemoteTarball [ 'https://registry.npmjs.org/ionic/-/ionic-1.3.10.tgz',
36 verbose addRemoteTarball   'a5836e8fb9b99ebfdc9ec087ee6d847fba4efa2e' ]
37 info retry fetch attempt 1 at 17:19:48
38 verbose fetch to= /tmp/npm-3780-QVnwaJNF/registry.npmjs.org/ionic/-/ionic-1.3.10.tgz
39 http GET https://registry.npmjs.org/ionic/-/ionic-1.3.10.tgz
40 http 200 https://registry.npmjs.org/ionic/-/ionic-1.3.10.tgz
41 silly lockFile 6fd361ff-npmjs-org-ionic-ionic-1-3-10-tgz https://registry.npmjs.org/ionic/-/ionic-1.3.10.tgz
42 silly lockFile 6fd361ff-npmjs-org-ionic-ionic-1-3-10-tgz https://registry.npmjs.org/ionic/-/ionic-1.3.10.tgz
43 silly lockFile 43b19746-ionic-1-3-10 ionic@1.3.10
44 silly lockFile 43b19746-ionic-1-3-10 ionic@1.3.10
45 silly lockFile 966fc04a-ionic ionic@
46 silly lockFile 966fc04a-ionic ionic@
47 silly resolved [ { name: 'ionic',
47 silly resolved     version: '1.3.10',
47 silly resolved     preferGlobal: true,
47 silly resolved     description: 'A tool for creating and developing Ionic Framework mobile apps.',
47 silly resolved     homepage: 'http://ionicframework.com/',
47 silly resolved     bin: { ionic: 'bin/ionic' },
47 silly resolved     keywords:
47 silly resolved      [ 'ionic',
47 silly resolved        'ionic framework',
47 silly resolved        'ionicframework',
47 silly resolved        'mobile',
47 silly resolved        'app',
47 silly resolved        'hybrid',
47 silly resolved        'cordova',
47 silly resolved        'phonegap' ],
47 silly resolved     repository:
47 silly resolved      { type: 'git',
47 silly resolved        url: 'https://github.com/driftyco/ionic-cli.git' },
47 silly resolved     contributors: [ [Object], [Object], [Object], [Object] ],
47 silly resolved     license: 'MIT',
47 silly resolved     dependencies:
47 silly resolved      { archiver: '0.5.1',
47 silly resolved        colors: '0.6.2',
47 silly resolved        connect: '3.1.1',
47 silly resolved        'connect-livereload': '0.5.2',
47 silly resolved        crc: '3.2.1',
47 silly resolved        'cross-spawn': '0.2.3',
47 silly resolved        'event-stream': '3.0.x',
47 silly resolved        finalhandler: '0.2.0',
47 silly resolved        'form-data': '0.1.4',
47 silly resolved        gulp: '3.8.8',
47 silly resolved        ncp: '0.4.2',
47 silly resolved        npm: '2.1.3',
47 silly resolved        opbeat: '^1.0.7',
47 silly resolved        open: 'https://registry.npmjs.org/open/-/open-0.0.5.tgz',
47 silly resolved        optimist: '0.6.0',
47 silly resolved        progress: '1.1.7',
47 silly resolved        prompt: '0.2.12',
47 silly resolved        'proxy-middleware': '^0.7.0',
47 silly resolved        q: '1.0.1',
47 silly resolved        request: '2.51.0',
47 silly resolved        semver: '^4.2.0',
47 silly resolved        'serve-static': '1.7.1',
47 silly resolved        shelljs: '0.2.6',
47 silly resolved        'tiny-lr-fork': '0.0.5',
47 silly resolved        underscore: '~1.7.0',
47 silly resolved        unzip: '0.1.9',
47 silly resolved        'vinyl-fs': '0.3.7',
47 silly resolved        xml2js: '0.4.4' },
47 silly resolved     gitHead: 'a585f6f9e04321801cea5b0b79c158ec88fd8d31',
47 silly resolved     bugs: { url: 'https://github.com/driftyco/ionic-cli/issues' },
47 silly resolved     _id: 'ionic@1.3.10',
47 silly resolved     scripts: {},
47 silly resolved     _shasum: 'a5836e8fb9b99ebfdc9ec087ee6d847fba4efa2e',
47 silly resolved     _from: 'ionic@',
47 silly resolved     _npmVersion: '2.5.1',
47 silly resolved     _nodeVersion: '0.12.0',
47 silly resolved     _npmUser: { name: 'drifty', email: 'max@drifty.com' },
47 silly resolved     maintainers: [ [Object] ],
47 silly resolved     dist:
47 silly resolved      { shasum: 'a5836e8fb9b99ebfdc9ec087ee6d847fba4efa2e',
47 silly resolved        tarball: 'http://registry.npmjs.org/ionic/-/ionic-1.3.10.tgz' },
47 silly resolved     directories: {},
47 silly resolved     _resolved: 'https://registry.npmjs.org/ionic/-/ionic-1.3.10.tgz' } ]
48 info install ionic@1.3.10 into /usr/local/lib
49 info installOne ionic@1.3.10
50 verbose lib/node_modules/ionic unbuild
51 info preuninstall ionic@1.3.8
52 info uninstall ionic@1.3.8
53 verbose true,/usr/local/lib/node_modules,/usr/local/lib/node_modules unbuild ionic@1.3.8
54 verbose /usr/local/bin,[object Object] binRoot
55 verbose lib/node_modules/ionic unbuild
56 info preuninstall ionic@1.3.8
57 info uninstall ionic@1.3.8
58 verbose true,/usr/local/lib/node_modules,/usr/local/lib/node_modules unbuild ionic@1.3.8
59 verbose /usr/local/bin,[object Object] binRoot
60 error error rolling back Error: EACCES, unlink '/usr/local/bin/ionic'
60 error error rolling back  ionic@1.3.10 { [Error: EACCES, unlink '/usr/local/bin/ionic'] errno: 3, code: 'EACCES', path: '/usr/local/bin/ionic' }
61 error Error: EACCES, unlink '/usr/local/bin/ionic'
61 error  { [Error: EACCES, unlink '/usr/local/bin/ionic'] errno: 3, code: 'EACCES', path: '/usr/local/bin/ionic' }
62 error Please try running this command again as root/Administrator.
63 error System Linux 3.16.0-30-generic
64 error command "/usr/bin/nodejs" "/usr/bin/npm" "install" "-g" "ionic"
65 error cwd /home/jesusj/Views
66 error node -v v0.10.25
67 error npm -v 1.4.21
68 error path /usr/local/bin/ionic
69 error code EACCES
70 error errno 3
71 error stack Error: EACCES, unlink '/usr/local/bin/ionic'
72 verbose exit [ 3, true ]
